2026-04-19 23:03:35 [error]: GET /api/v1/wallet/purchase/verify?reference=CBC_1776635839379_B559A699 500 - 170ms
2026-04-19 23:42:07 [error]: GET /api/v1/errands/my-posted 500 - 47ms
2026-04-19 23:45:03 [error]: GET /api/v1/errands/my-posted 500 - 1015ms
2026-04-19 23:48:00 [error]: GET /api/v1/errands/my-posted 500 - 1127ms
2026-04-19 23:48:04 [error]: GET /api/v1/errands/my-posted 500 - 211ms
2026-04-19 23:48:06 [error]: GET /api/v1/errands/my-posted 500 - 198ms
2026-04-19 23:48:08 [error]: GET /api/v1/errands/my-posted 500 - 195ms
2026-04-19 23:48:37 [error]: GET /api/v1/errands/my-posted 500 - 248ms
2026-04-20 04:01:22 [error]: POST /api/v1/wallet/withdrawal/initialize 500 - 2312ms
2026-04-20 04:02:04 [error]: POST /api/v1/wallet/withdrawal/initialize 500 - 5737ms
2026-04-22 01:28:09 [error]: POST /api/v1/skills 500 - 439ms
2026-04-22 01:34:19 [error]: POST /api/v1/skills 500 - 485ms
2026-04-22 01:45:52 [error]: POST /api/v1/skills 500 - 1732ms
2026-04-22 01:47:11 [error]: POST /api/v1/skills 500 - 3772ms
2026-04-22 01:48:32 [error]: POST /api/v1/skills 500 - 1807ms
2026-04-23 11:56:54 [error]: GET /api/v1/reviews/mine 500 - 44ms
2026-04-23 12:01:13 [error]: GET /api/v1/reviews/mine 500 - 40ms
2026-04-24 08:54:14 [error]: GET /api/v1/errands 500 - 245ms
2026-04-27 16:46:54 [error]: DELETE /api/v1/users/delete-account 500 - 19ms
2026-04-27 16:48:20 [error]: DELETE /api/v1/users/delete-account 500 - 442ms
2026-04-27 23:29:22 [error]: POST /api/v1/verifications 500 - 467ms
2026-04-28 00:29:24 [error]: GET /api/v1/admin/verifications/69efe3af0404d3da3baae035/document 502 - 2336ms
2026-04-28 00:30:33 [error]: GET /api/v1/admin/verifications/69efe3af0404d3da3baae035/document 502 - 2131ms
2026-04-28 00:31:58 [error]: GET /api/v1/admin/verifications/69efe3af0404d3da3baae035/document 500 - 2204ms
2026-04-28 00:34:41 [error]: GET /api/v1/admin/verifications/69efe3af0404d3da3baae035/document 500 - 2500ms
2026-04-28 00:34:48 [error]: GET /api/v1/admin/verifications/69efe3af0404d3da3baae035/document 500 - 1788ms
2026-04-28 00:34:52 [error]: GET /api/v1/admin/verifications/69efe3af0404d3da3baae035/document 500 - 1090ms
2026-04-28 00:36:09 [error]: GET /api/v1/admin/verifications/69efe3af0404d3da3baae035/document 500 - 1967ms
2026-04-28 00:37:25 [error]: GET /api/v1/admin/verifications/69efe3af0404d3da3baae035/document 500 - 3959ms
2026-04-28 00:38:50 [error]: GET /api/v1/admin/verifications/69efe3af0404d3da3baae035/document 500 - 4891ms
